[2024-03-02T10:48:46.837+0000] {taskinstance.py:1979} INFO - Dependencies all met for dep_context=non-requeueable deps ti=<TaskInstance: task1.fetch_page manual__2024-03-02T10:43:38.730218+00:00 [queued]>
[2024-03-02T10:48:46.852+0000] {taskinstance.py:1979} INFO - Dependencies all met for dep_context=requeueable deps ti=<TaskInstance: task1.fetch_page manual__2024-03-02T10:43:38.730218+00:00 [queued]>
[2024-03-02T10:48:46.854+0000] {taskinstance.py:2193} INFO - Starting attempt 2 of 2
[2024-03-02T10:48:46.879+0000] {taskinstance.py:2214} INFO - Executing <Task(PythonOperator): fetch_page> on 2024-03-02 10:43:38.730218+00:00
[2024-03-02T10:48:46.887+0000] {standard_task_runner.py:60} INFO - Started process 161 to run task
[2024-03-02T10:48:46.890+0000] {standard_task_runner.py:87} INFO - Running: ['***', 'tasks', 'run', 'task1', 'fetch_page', 'manual__2024-03-02T10:43:38.730218+00:00', '--job-id', '6', '--raw', '--subdir', 'DAGS_FOLDER/task1.py', '--cfg-path', '/tmp/tmp0xxvbcwt']
[2024-03-02T10:48:46.893+0000] {standard_task_runner.py:88} INFO - Job 6: Subtask fetch_page
[2024-03-02T10:48:46.963+0000] {task_command.py:423} INFO - Running <TaskInstance: task1.fetch_page manual__2024-03-02T10:43:38.730218+00:00 [running]> on host 81da6c1e37d4
[2024-03-02T10:48:47.111+0000] {taskinstance.py:2510} INFO - Exporting env vars: AIRFLOW_CTX_DAG_OWNER='task 1' AIRFLOW_CTX_DAG_ID='task1' AIRFLOW_CTX_TASK_ID='fetch_page' AIRFLOW_CTX_EXECUTION_DATE='2024-03-02T10:43:38.730218+00:00' AIRFLOW_CTX_TRY_NUMBER='2' AIRFLOW_CTX_DAG_RUN_ID='manual__2024-03-02T10:43:38.730218+00:00'
[2024-03-02T10:48:47.152+0000] {taskinstance.py:2728} ERROR - Task failed with exception
Traceback (most recent call last):
  File "/home/airflow/.local/lib/python3.11/site-packages/airflow/models/taskinstance.py", line 444, in _execute_task
    result = _execute_callable(context=context, **execute_callable_kwargs)
             ^^^^^^^^^^^^^^^^^^^^^^^^^^^^^^^^^^^^^^^^^^^^^^^^^^^^^^^^^^^^^
  File "/home/airflow/.local/lib/python3.11/site-packages/airflow/models/taskinstance.py", line 414, in _execute_callable
    return execute_callable(context=context, **execute_callable_kwargs)
           ^^^^^^^^^^^^^^^^^^^^^^^^^^^^^^^^^^^^^^^^^^^^^^^^^^^^^^^^^^^^
  File "/home/airflow/.local/lib/python3.11/site-packages/airflow/operators/python.py", line 200, in execute
    return_value = self.execute_callable()
                   ^^^^^^^^^^^^^^^^^^^^^^^
  File "/home/airflow/.local/lib/python3.11/site-packages/airflow/operators/python.py", line 217, in execute_callable
    return self.python_callable(*self.op_args, **self.op_kwargs)
           ^^^^^^^^^^^^^^^^^^^^^^^^^^^^^^^^^^^^^^^^^^^^^^^^^^^^^
  File "/opt/airflow/dags/task1.py", line 20, in fetch_page
    os.makedirs(output_path, exist_ok=True)
  File "<frozen os>", line 210, in makedirs
  File "<frozen posixpath>", line 103, in split
TypeError: expected str, bytes or os.PathLike object, not NoneType
[2024-03-02T10:48:47.183+0000] {taskinstance.py:1149} INFO - Marking task as FAILED. dag_id=task1, task_id=fetch_page, execution_date=20240302T104338, start_date=20240302T104846, end_date=20240302T104847
[2024-03-02T10:48:47.214+0000] {standard_task_runner.py:107} ERROR - Failed to execute job 6 for task fetch_page (expected str, bytes or os.PathLike object, not NoneType; 161)
[2024-03-02T10:48:47.265+0000] {local_task_job_runner.py:234} INFO - Task exited with return code 1
[2024-03-02T10:48:47.331+0000] {taskinstance.py:3309} INFO - 0 downstream tasks scheduled from follow-on schedule check
